<?xml version="1.0" encoding="UTF-8"?>
<testng-results skipped="0" failed="0" ignored="0" total="1" passed="1">
  <reporter-output>
  </reporter-output>
  <suite name="Surefire suite" duration-ms="26126" started-at="2018-12-11T16:24:02Z" finished-at="2018-12-11T16:24:28Z">
    <groups>
    </groups>
    <test name="Surefire test" duration-ms="26126" started-at="2018-12-11T16:24:02Z" finished-at="2018-12-11T16:24:28Z">
      <class name="ReserveFlightTest">
        <test-method status="PASS" signature="setup()[pri:0, instance:ReserveFlightTest@1e35cd9]" name="setup" is-config="true" duration-ms="15" started-at="2018-12-11T16:24:02Z" finished-at="2018-12-11T16:24:02Z">
          <reporter-output>
          </reporter-output>
        </test-method> <!-- setup -->
        <test-method status="PASS" signature="test_flight_Test()[pri:0, instance:ReserveFlightTest@1e35cd9]" name="test_flight_Test" duration-ms="25152" started-at="2018-12-11T16:24:02Z" finished-at="2018-12-11T16:24:27Z">
          <reporter-output>
          </reporter-output>
        </test-method> <!-- test_flight_Test -->
        <test-method status="PASS" signature="tearDown(org.testng.ITestResult)[pri:0, instance:ReserveFlightTest@1e35cd9]" name="tearDown" is-config="true" duration-ms="917" started-at="2018-12-11T16:24:27Z" finished-at="2018-12-11T16:24:28Z">
          <params>
            <param index="0">
              <value>
                <![CDATA[[TestResult name=test_flight_Test status=SUCCESS method=ReserveFlightTest.test_flight_Test()[pri:0, instance:ReserveFlightTest@1e35cd9] output={null}]]]>
              </value>
            </param>
          </params>
          <reporter-output>
          </reporter-output>
        </test-method> <!-- tearDown -->
      </class> <!-- ReserveFlightTest -->
    </test> <!-- Surefire test -->
  </suite> <!-- Surefire suite -->
</testng-results>
